nohup: ignoring input
[i10pc137:748156] MCW rank 0 bound to socket 0[core 0[hwt 0-1]]: [BB/../../../../../../../../../../../../../../../../../../../../../../../../../../../../../../../../../../../../../../../../../../../../../../../../../../../../../../../../../../../../../../..]
[i10pc137:748156] MCW rank 1 bound to socket 0[core 1[hwt 0-1]]: [../BB/../../../../../../../../../../../../../../../../../../../../../../../../../../../../../../../../../../../../../../../../../../../../../../../../../../../../../../../../../../../../../..]
[i10pc137:748156] MCW rank 2 bound to socket 0[core 2[hwt 0-1]]: [../../BB/../../../../../../../../../../../../../../../../../../../../../../../../../../../../../../../../../../../../../../../../../../../../../../../../../../../../../../../../../../../../..]
[i10pc137:748156] MCW rank 3 bound to socket 0[core 3[hwt 0-1]]: [../../../BB/../../../../../../../../../../../../../../../../../../../../../../../../../../../../../../../../../../../../../../../../../../../../../../../../../../../../../../../../../../../..]
[i10pc137:748156] MCW rank 4 bound to socket 0[core 4[hwt 0-1]]: [../../../../BB/../../../../../../../../../../../../../../../../../../../../../../../../../../../../../../../../../../../../../../../../../../../../../../../../../../../../../../../../../../..]
[i10pc137:748156] MCW rank 5 bound to socket 0[core 5[hwt 0-1]]: [../../../../../BB/../../../../../../../../../../../../../../../../../../../../../../../../../../../../../../../../../../../../../../../../../../../../../../../../../../../../../../../../../..]
[i10pc137:748156] MCW rank 6 bound to socket 0[core 6[hwt 0-1]]: [../../../../../../BB/../../../../../../../../../../../../../../../../../../../../../../../../../../../../../../../../../../../../../../../../../../../../../../../../../../../../../../../../..]
[i10pc137:748156] MCW rank 7 bound to socket 0[core 7[hwt 0-1]]: [../../../../../../../BB/../../../../../../../../../../../../../../../../../../../../../../../../../../../../../../../../../../../../../../../../../../../../../../../../../../../../../../../..]
[i10pc137:748156] MCW rank 9 bound to socket 0[core 9[hwt 0-1]]: [../../../../../../../../../BB/../../../../../../../../../../../../../../../../../../../../../../../../../../../../../../../../../../../../../../../../../../../../../../../../../../../../../..]
[i10pc137:748156] MCW rank 8 bound to socket 0[core 8[hwt 0-1]]: [../../../../../../../../BB/../../../../../../../../../../../../../../../../../../../../../../../../../../../../../../../../../../../../../../../../../../../../../../../../../../../../../../..]
[i10pc137:748156] MCW rank 10 bound to socket 0[core 10[hwt 0-1]]: [../../../../../../../../../../BB/../../../../../../../../../../../../../../../../../../../../../../../../../../../../../../../../../../../../../../../../../../../../../../../../../../../../..]
[i10pc137:748156] MCW rank 11 bound to socket 0[core 11[hwt 0-1]]: [../../../../../../../../../../../BB/../../../../../../../../../../../../../../../../../../../../../../../../../../../../../../../../../../../../../../../../../../../../../../../../../../../..]
[i10pc137:748156] MCW rank 12 bound to socket 0[core 12[hwt 0-1]]: [../../../../../../../../../../../../BB/../../../../../../../../../../../../../../../../../../../../../../../../../../../../../../../../../../../../../../../../../../../../../../../../../../..]
[i10pc137:748156] MCW rank 13 bound to socket 0[core 13[hwt 0-1]]: [../../../../../../../../../../../../../BB/../../../../../../../../../../../../../../../../../../../../../../../../../../../../../../../../../../../../../../../../../../../../../../../../../..]
[i10pc137:748156] MCW rank 15 bound to socket 0[core 15[hwt 0-1]]: [../../../../../../../../../../../../../../../BB/../../../../../../../../../../../../../../../../../../../../../../../../../../../../../../../../../../../../../../../../../../../../../../../..]
[i10pc137:748156] MCW rank 14 bound to socket 0[core 14[hwt 0-1]]: [../../../../../../../../../../../../../../BB/../../../../../../../../../../../../../../../../../../../../../../../../../../../../../../../../../../../../../../../../../../../../../../../../..]
[i10pc137:748156] MCW rank 17 bound to socket 0[core 17[hwt 0-1]]: [../../../../../../../../../../../../../../../../../BB/../../../../../../../../../../../../../../../../../../../../../../../../../../../../../../../../../../../../../../../../../../../../../..]
[i10pc137:748156] MCW rank 16 bound to socket 0[core 16[hwt 0-1]]: [../../../../../../../../../../../../../../../../BB/../../../../../../../../../../../../../../../../../../../../../../../../../../../../../../../../../../../../../../../../../../../../../../..]
[i10pc137:748156] MCW rank 19 bound to socket 0[core 19[hwt 0-1]]: [../../../../../../../../../../../../../../../../../../../BB/../../../../../../../../../../../../../../../../../../../../../../../../../../../../../../../../../../../../../../../../../../../..]
[i10pc137:748156] MCW rank 18 bound to socket 0[core 18[hwt 0-1]]: [../../../../../../../../../../../../../../../../../../BB/../../../../../../../../../../../../../../../../../../../../../../../../../../../../../../../../../../../../../../../../../../../../..]
[i10pc137:748156] MCW rank 20 bound to socket 0[core 20[hwt 0-1]]: [../../../../../../../../../../../../../../../../../../../../BB/../../../../../../../../../../../../../../../../../../../../../../../../../../../../../../../../../../../../../../../../../../..]
[i10pc137:748156] MCW rank 21 bound to socket 0[core 21[hwt 0-1]]: [../../../../../../../../../../../../../../../../../../../../../BB/../../../../../../../../../../../../../../../../../../../../../../../../../../../../../../../../../../../../../../../../../..]
[i10pc137:748156] MCW rank 23 bound to socket 0[core 23[hwt 0-1]]: [../../../../../../../../../../../../../../../../../../../../../../../BB/../../../../../../../../../../../../../../../../../../../../../../../../../../../../../../../../../../../../../../../..]
[i10pc137:748156] MCW rank 22 bound to socket 0[core 22[hwt 0-1]]: [../../../../../../../../../../../../../../../../../../../../../../BB/../../../../../../../../../../../../../../../../../../../../../../../../../../../../../../../../../../../../../../../../..]
[i10pc137:748156] MCW rank 24 bound to socket 0[core 24[hwt 0-1]]: [../../../../../../../../../../../../../../../../../../../../../../../../BB/../../../../../../../../../../../../../../../../../../../../../../../../../../../../../../../../../../../../../../..]
[i10pc137:748156] MCW rank 27 bound to socket 0[core 27[hwt 0-1]]: [../../../../../../../../../../../../../../../../../../../../../../../../../../../BB/../../../../../../../../../../../../../../../../../../../../../../../../../../../../../../../../../../../..]
[i10pc137:748156] MCW rank 25 bound to socket 0[core 25[hwt 0-1]]: [../../../../../../../../../../../../../../../../../../../../../../../../../BB/../../../../../../../../../../../../../../../../../../../../../../../../../../../../../../../../../../../../../..]
[i10pc137:748156] MCW rank 26 bound to socket 0[core 26[hwt 0-1]]: [../../../../../../../../../../../../../../../../../../../../../../../../../../BB/../../../../../../../../../../../../../../../../../../../../../../../../../../../../../../../../../../../../..]
[i10pc137:748156] MCW rank 28 bound to socket 0[core 28[hwt 0-1]]: [../../../../../../../../../../../../../../../../../../../../../../../../../../../../BB/../../../../../../../../../../../../../../../../../../../../../../../../../../../../../../../../../../..]
[i10pc137:748156] MCW rank 31 bound to socket 0[core 31[hwt 0-1]]: [../../../../../../../../../../../../../../../../../../../../../../../../../../../../../../../BB/../../../../../../../../../../../../../../../../../../../../../../../../../../../../../../../..]
[i10pc137:748156] MCW rank 29 bound to socket 0[core 29[hwt 0-1]]: [../../../../../../../../../../../../../../../../../../../../../../../../../../../../../BB/../../../../../../../../../../../../../../../../../../../../../../../../../../../../../../../../../..]
[i10pc137:748156] MCW rank 30 bound to socket 0[core 30[hwt 0-1]]: [../../../../../../../../../../../../../../../../../../../../../../../../../../../../../../BB/../../../../../../../../../../../../../../../../../../../../../../../../../../../../../../../../..]
--------------------------------------------------------------------------
Primary job  terminated normally, but 1 process returned
a non-zero exit code. Per user-direction, the job has been aborted.
--------------------------------------------------------------------------
--------------------------------------------------------------------------
mpirun noticed that process rank 19 with PID 0 on node i10pc137 exited on signal 4 (Illegal instruction).
--------------------------------------------------------------------------
